2026-05-20 17:55:46,879 [INFO] Sending MARKET order for BTCUSDT | Side: BUY | Qty: 0.001 | Price: None
2026-05-20 17:55:47,347 [INFO] Order successfully placed!
2026-05-20 17:55:47,347 [INFO] Response: {'orderId': 13167772843, 'symbol': 'BTCUSDT', 'status': 'NEW', 'clientOrderId': 'JlLZwOtUnkSgbEEuRQRD44', 'price': '0.00', 'avgPrice': '0.00', 'origQty': '0.0010', 'executedQty': '0.0000', 'cumQty': '0.0000', 'cumQuote': '0.000000', 'timeInForce': 'GTC', 'type': 'MARKET', 'reduceOnly': False, 'closePosition': False, 'side': 'BUY', 'positionSide': 'BOTH', 'stopPrice': '0.00', 'workingType': 'CONTRACT_PRICE', 'priceProtect': False, 'origType': 'MARKET', 'priceMatch': 'NONE', 'selfTradePreventionMode': 'EXPIRE_MAKER', 'goodTillDate': 0, 'updateTime': 1779279946536}
2026-05-20 17:57:46,909 [INFO] Sending LIMIT order for BTCUSDT | Side: BUY | Qty: 0.001 | Price: 30000.0
2026-05-20 17:57:47,425 [ERROR] Error placing order: HTTP 400
2026-05-20 17:57:47,425 [ERROR] Response: {"code":-4164,"msg":"Order's notional must be no smaller than 50 (unless you choose reduce only)."}
2026-05-20 17:58:10,959 [INFO] Sending LIMIT order for BTCUSDT | Side: BUY | Qty: 0.002 | Price: 30000.0
2026-05-20 17:58:11,314 [INFO] Order successfully placed!
2026-05-20 17:58:11,314 [INFO] Response: {'orderId': 13167781427, 'symbol': 'BTCUSDT', 'status': 'NEW', 'clientOrderId': '7eFRGHZvyNsmlPsxC67gwi', 'price': '30000.00', 'avgPrice': '0.00', 'origQty': '0.0020', 'executedQty': '0.0000', 'cumQty': '0.0000', 'cumQuote': '0.000000', 'timeInForce': 'GTC', 'type': 'LIMIT', 'reduceOnly': False, 'closePosition': False, 'side': 'BUY', 'positionSide': 'BOTH', 'stopPrice': '0.00', 'workingType': 'CONTRACT_PRICE', 'priceProtect': False, 'origType': 'LIMIT', 'priceMatch': 'NONE', 'selfTradePreventionMode': 'EXPIRE_MAKER', 'goodTillDate': 0, 'updateTime': 1779280090501}
2026-05-20 18:01:31,195 [INFO] Sending MARKET order for BTCUSDT | Side: BUY | Qty: 0.001 | Price: None
2026-05-20 18:01:31,938 [INFO] Order successfully placed!
2026-05-20 18:01:31,939 [INFO] Response: {'orderId': 13167792291, 'symbol': 'BTCUSDT', 'status': 'NEW', 'clientOrderId': 'Ho16YzItGydSGT6qbTUDes', 'price': '0.00', 'avgPrice': '0.00', 'origQty': '0.0010', 'executedQty': '0.0000', 'cumQty': '0.0000', 'cumQuote': '0.000000', 'timeInForce': 'GTC', 'type': 'MARKET', 'reduceOnly': False, 'closePosition': False, 'side': 'BUY', 'positionSide': 'BOTH', 'stopPrice': '0.00', 'workingType': 'CONTRACT_PRICE', 'priceProtect': False, 'origType': 'MARKET', 'priceMatch': 'NONE', 'selfTradePreventionMode': 'EXPIRE_MAKER', 'goodTillDate': 0, 'updateTime': 1779280291124}
2026-05-20 18:01:36,468 [INFO] Sending LIMIT order for BTCUSDT | Side: BUY | Qty: 0.002 | Price: 30000.0
2026-05-20 18:01:36,824 [INFO] Order successfully placed!
2026-05-20 18:01:36,824 [INFO] Response: {'orderId': 13167792446, 'symbol': 'BTCUSDT', 'status': 'NEW', 'clientOrderId': 'K3piscZTxDPJ33GS4kZJul', 'price': '30000.00', 'avgPrice': '0.00', 'origQty': '0.0020', 'executedQty': '0.0000', 'cumQty': '0.0000', 'cumQuote': '0.000000', 'timeInForce': 'GTC', 'type': 'LIMIT', 'reduceOnly': False, 'closePosition': False, 'side': 'BUY', 'positionSide': 'BOTH', 'stopPrice': '0.00', 'workingType': 'CONTRACT_PRICE', 'priceProtect': False, 'origType': 'LIMIT', 'priceMatch': 'NONE', 'selfTradePreventionMode': 'EXPIRE_MAKER', 'goodTillDate': 0, 'updateTime': 1779280296005}
2026-05-20 18:06:39,396 [INFO] Sending MARKET order for BTCUSDT | Side: BUY | Qty: 0.001 | Price: None
2026-05-20 18:06:39,809 [INFO] Order successfully placed!
2026-05-20 18:06:39,810 [INFO] Response: {'orderId': 13167808775, 'symbol': 'BTCUSDT', 'status': 'NEW', 'clientOrderId': 'DQbrOJgzMkP6LeG3GsldQ5', 'price': '0.00', 'avgPrice': '0.00', 'origQty': '0.0010', 'executedQty': '0.0000', 'cumQty': '0.0000', 'cumQuote': '0.000000', 'timeInForce': 'GTC', 'type': 'MARKET', 'reduceOnly': False, 'closePosition': False, 'side': 'BUY', 'positionSide': 'BOTH', 'stopPrice': '0.00', 'workingType': 'CONTRACT_PRICE', 'priceProtect': False, 'origType': 'MARKET', 'priceMatch': 'NONE', 'selfTradePreventionMode': 'EXPIRE_MAKER', 'goodTillDate': 0, 'updateTime': 1779280598994}
2026-05-20 18:06:57,697 [INFO] Sending LIMIT order for BTCUSDT | Side: BUY | Qty: 0.002 | Price: 30000.0
2026-05-20 18:06:58,047 [INFO] Order successfully placed!
2026-05-20 18:06:58,048 [INFO] Response: {'orderId': 13167809730, 'symbol': 'BTCUSDT', 'status': 'NEW', 'clientOrderId': 'XDGU4hdjryFrTS6nR06Tuu', 'price': '30000.00', 'avgPrice': '0.00', 'origQty': '0.0020', 'executedQty': '0.0000', 'cumQty': '0.0000', 'cumQuote': '0.000000', 'timeInForce': 'GTC', 'type': 'LIMIT', 'reduceOnly': False, 'closePosition': False, 'side': 'BUY', 'positionSide': 'BOTH', 'stopPrice': '0.00', 'workingType': 'CONTRACT_PRICE', 'priceProtect': False, 'origType': 'LIMIT', 'priceMatch': 'NONE', 'selfTradePreventionMode': 'EXPIRE_MAKER', 'goodTillDate': 0, 'updateTime': 1779280617230}
2026-05-20 18:07:48,059 [INFO] Sending MARKET order for BTCUSDT | Side: BUY | Qty: 0.001 | Price: None
2026-05-20 18:07:48,497 [INFO] Order successfully placed!
2026-05-20 18:07:48,497 [INFO] Response: {'orderId': 13167812524, 'symbol': 'BTCUSDT', 'status': 'NEW', 'clientOrderId': 'KYBJ0aDcTRTxwF5fZ6Fiu4', 'price': '0.00', 'avgPrice': '0.00', 'origQty': '0.0010', 'executedQty': '0.0000', 'cumQty': '0.0000', 'cumQuote': '0.000000', 'timeInForce': 'GTC', 'type': 'MARKET', 'reduceOnly': False, 'closePosition': False, 'side': 'BUY', 'positionSide': 'BOTH', 'stopPrice': '0.00', 'workingType': 'CONTRACT_PRICE', 'priceProtect': False, 'origType': 'MARKET', 'priceMatch': 'NONE', 'selfTradePreventionMode': 'EXPIRE_MAKER', 'goodTillDate': 0, 'updateTime': 1779280667678}
2026-05-20 18:07:48,862 [INFO] Sending LIMIT order for BTCUSDT | Side: BUY | Qty: 0.002 | Price: 30000.0
2026-05-20 18:07:49,455 [INFO] Order successfully placed!
2026-05-20 18:07:49,456 [INFO] Response: {'orderId': 13167812566, 'symbol': 'BTCUSDT', 'status': 'NEW', 'clientOrderId': 'nndv2Kqp6OYGyx5ZrI0lf2', 'price': '30000.00', 'avgPrice': '0.00', 'origQty': '0.0020', 'executedQty': '0.0000', 'cumQty': '0.0000', 'cumQuote': '0.000000', 'timeInForce': 'GTC', 'type': 'LIMIT', 'reduceOnly': False, 'closePosition': False, 'side': 'BUY', 'positionSide': 'BOTH', 'stopPrice': '0.00', 'workingType': 'CONTRACT_PRICE', 'priceProtect': False, 'origType': 'LIMIT', 'priceMatch': 'NONE', 'selfTradePreventionMode': 'EXPIRE_MAKER', 'goodTillDate': 0, 'updateTime': 1779280668638}
